
     Program DOS v.7.2 starts on  9Jun2024 at 11:59:29 

     This program is part of the open-source Quantum ESPRESSO suite
     for quantum simulation of materials; please cite
         "P. Giannozzi et al., J. Phys.:Condens. Matter 21 395502 (2009);
         "P. Giannozzi et al., J. Phys.:Condens. Matter 29 465901 (2017);
         "P. Giannozzi et al., J. Chem. Phys. 152 154105 (2020);
          URL http://www.quantum-espresso.org", 
     in publications or presentations arising from this work. More details at
     http://www.quantum-espresso.org/quote

     Serial version
     8239 MiB available memory on the printing compute node when the environment starts


     Reading xml data from directory:

     ./SCRATCH/gallium_arsenide.save/

     IMPORTANT: XC functional enforced from input :
     Exchange-correlation= PBE
                           (   1   4   3   4   0   0   0)
     Any further DFT definition will be discarded
     Please, verify this is what you really want


     G-vector sticks info
     --------------------
     sticks:   dense  smooth     PW     G-vecs:    dense   smooth      PW
     Sum         967     967    301                20107    20107    3383

     Using Slab Decomposition


     Gaussian broadening (read from input): ngauss,degauss=   0    0.025000


     DOS          :      0.20s CPU      0.21s WALL


   This run was terminated on:  11:59:29   9Jun2024            

=------------------------------------------------------------------------------=
   JOB DONE.
=------------------------------------------------------------------------------=
